gi|218665024|ref|NC_011761.1|	NC_011206	99.996	305635	7	4	135457	441086	313971	619605	0.0	5.643e+05
gi|218665024|ref|NC_011761.1|	NC_011206	99.969	209836	63	2	519687	729521	698705	908539	0.0	3.871e+05
gi|218665024|ref|NC_011761.1|	NC_011206	99.998	195190	4	0	1654559	1849748	1535666	1730855	0.0	3.604e+05
gi|218665024|ref|NC_011761.1|	NC_011206	99.964	190033	67	1	2663073	2853104	2562912	2752944	0.0	3.505e+05
gi|218665024|ref|NC_011761.1|	NC_011206	99.996	184231	6	1	1960798	2145028	1846331	2030560	0.0	3.402e+05
gi|218665024|ref|NC_011761.1|	NC_011206	99.995	145962	5	2	763270	909230	937460	1083420	0.0	2.695e+05
gi|218665024|ref|NC_011761.1|	NC_011206	99.990	144015	1	2	2268857	2412865	2163566	2307572	0.0	2.659e+05
gi|218665024|ref|NC_011761.1|	NC_011206	99.995	131899	6	1	2493339	2625236	2395162	2527060	0.0	2.435e+05
gi|218665024|ref|NC_011761.1|	NC_011206	99.996	111524	4	1	1	111523	1809	113332	0.0	2.059e+05
gi|218665024|ref|NC_011761.1|	NC_011206	99.994	100665	4	2	1860021	1960684	1745668	1846331	0.0	1.859e+05
gi|218665024|ref|NC_011761.1|	NC_011206	100.000	73037	0	0	1219030	1292066	1104005	1177041	0.0	1.349e+05
gi|218665024|ref|NC_011761.1|	NC_011206	100.000	65403	0	0	2875372	2940774	2781377	2846779	0.0	1.208e+05
gi|218665024|ref|NC_011761.1|	NC_011206	99.305	63853	405	11	1404361	1468186	1286164	1350004	0.0	1.154e+05
gi|218665024|ref|NC_011761.1|	NC_011206	100.000	58332	0	0	1598378	1656709	1477338	1535669	0.0	1.077e+05
gi|218665024|ref|NC_011761.1|	NC_011206	99.924	56697	41	2	1292056	1348751	1179086	1235781	0.0	1.045e+05
gi|218665024|ref|NC_011761.1|	NC_011206	99.833	52794	81	7	1521518	1574305	1391798	1444590	0.0	96998
gi|218665024|ref|NC_011761.1|	NC_011206	99.994	51899	1	2	2414428	2466326	2309634	2361530	0.0	95821
gi|218665024|ref|NC_011761.1|	NC_011206	99.998	42953	1	0	444437	487389	622956	665908	0.0	79314
gi|218665024|ref|NC_011761.1|	NC_011206	99.997	38706	1	0	2230163	2268868	2122817	2161522	0.0	71472
gi|218665024|ref|NC_011761.1|	NC_011206	100.000	38263	0	0	2942327	2980589	2846776	2885038	0.0	70659
gi|218665024|ref|NC_011761.1|	NC_011206	99.986	35701	2	1	2192966	2228663	2081507	2117207	0.0	65896
gi|218665024|ref|NC_011761.1|	NC_011206	99.852	31078	45	1	2145022	2176098	2033063	2064140	0.0	57134
gi|218665024|ref|NC_011761.1|	NC_011206	99.993	30755	2	0	488942	519696	665905	696659	0.0	56783
gi|218665024|ref|NC_011761.1|	NC_011206	99.955	26892	0	1	729512	756403	910585	937464	0.0	49583
gi|218665024|ref|NC_011761.1|	NC_011206	99.996	25070	1	0	2468279	2493348	2368047	2393116	0.0	46291
gi|218665024|ref|NC_011761.1|	NC_011206	99.992	24549	2	0	2627712	2652260	2527052	2551600	0.0	45323
gi|218665024|ref|NC_011761.1|	NC_011206	100.000	23273	0	0	1574296	1597568	1446636	1469908	0.0	42978
gi|218665024|ref|NC_011761.1|	NC_011206	100.000	18594	0	0	1200446	1219039	1083366	1101959	0.0	34337
gi|218665024|ref|NC_011761.1|	NC_011206	98.657	16752	199	11	1482205	1498949	1361464	1378196	0.0	29665
gi|218665024|ref|NC_011761.1|	NC_011206	99.993	15324	1	0	2177652	2192975	2064138	2079461	0.0	28293
gi|218665024|ref|NC_011761.1|	NC_011206	99.991	11665	1	0	2863717	2875381	2767667	2779331	0.0	21536
gi|218665024|ref|NC_011761.1|	NC_011206	100.000	11057	0	0	124404	135460	296047	307103	0.0	20419
gi|218665024|ref|NC_011761.1|	NC_011206	100.000	10636	0	0	2853094	2863729	2754989	2765624	0.0	19642
gi|218665024|ref|NC_011761.1|	NC_011206	97.235	11574	222	26	1468182	1479728	1349970	1361472	0.0	19510
gi|218665024|ref|NC_011761.1|	NC_011206	99.990	10297	0	1	1849738	1860033	1733329	1743625	0.0	19008
gi|218665024|ref|NC_011761.1|	NC_011206	99.978	9270	2	0	2652251	2661520	2553646	2562915	0.0	17108
gi|218665024|ref|NC_011761.1|	NC_011206	100.000	6868	0	0	756402	763269	617908	624775	0.0	12683
gi|218665024|ref|NC_011761.1|	NC_011206	100.000	6867	0	0	756403	763269	313970	307104	0.0	12682
gi|218665024|ref|NC_011761.1|	NC_011206	99.982	5670	0	1	111506	117174	115369	121038	0.0	10464
gi|218665024|ref|NC_011761.1|	NC_011206	99.924	5233	4	0	2766200	2771432	516855	511623	0.0	9642
gi|218665024|ref|NC_011761.1|	NC_011206	99.924	5233	4	0	333105	338337	2671271	2666039	0.0	9642
gi|218665024|ref|NC_011761.1|	NC_011206	98.800	5252	55	4	1371881	1377132	1257622	1262865	0.0	9343
gi|218665024|ref|NC_011761.1|	NC_011206	97.261	5293	141	4	2143818	2149108	308697	313987	0.0	8968
gi|218665024|ref|NC_011761.1|	NC_011206	97.346	5275	138	2	2143818	2149091	623182	617909	0.0	8964
gi|218665024|ref|NC_011761.1|	NC_011206	95.515	5351	181	23	1392151	1397451	1264564	1269905	0.0	8497
gi|218665024|ref|NC_011761.1|	NC_011206	94.587	5247	251	19	1352231	1357472	1237018	1242236	0.0	8085
gi|218665024|ref|NC_011761.1|	NC_011206	97.624	4630	108	2	1399743	1404370	1279059	1283688	0.0	7939
gi|218665024|ref|NC_011761.1|	NC_011206	95.194	4702	216	5	1352231	1356930	125067	129760	0.0	7422
gi|218665024|ref|NC_011761.1|	NC_011206	97.421	4071	103	2	756403	760472	2037132	2033063	0.0	6935
gi|218665024|ref|NC_011761.1|	NC_011206	99.973	3747	1	0	117165	120911	284698	288444	0.0	6914
gi|218665024|ref|NC_011761.1|	NC_011206	82.692	7430	1181	93	1039014	1046391	2788753	2781377	0.0	6499
gi|218665024|ref|NC_011761.1|	NC_011206	100.000	3513	0	0	120901	124413	290489	294001	0.0	6488
gi|218665024|ref|NC_011761.1|	NC_011206	100.000	3414	0	0	441055	444468	308892	312305	0.0	6305
gi|218665024|ref|NC_011761.1|	NC_011206	100.000	3414	0	0	441055	444468	622987	619574	0.0	6305
gi|218665024|ref|NC_011761.1|	NC_011206	93.682	4226	204	28	1486977	1491190	257101	261275	0.0	6266
gi|218665024|ref|NC_011761.1|	NC_011206	86.335	5613	748	17	1696678	1702282	164970	159369	0.0	6098
gi|218665024|ref|NC_011761.1|	NC_011206	97.054	3598	97	1	1408717	1412314	232827	236415	0.0	6048
gi|218665024|ref|NC_011761.1|	NC_011206	93.037	4093	255	19	2177820	2181896	161838	157760	0.0	5952
gi|218665024|ref|NC_011761.1|	NC_011206	87.406	4788	587	15	2204721	2209502	1876011	1871234	0.0	5487
gi|218665024|ref|NC_011761.1|	NC_011206	87.406	4788	587	15	1985701	1990478	2098043	2093262	0.0	5487
gi|218665024|ref|NC_011761.1|	NC_011206	93.168	3381	200	17	1394119	1397477	222648	226019	0.0	4935
gi|218665024|ref|NC_011761.1|	NC_011206	100.000	2505	0	0	2853901	2856405	1474834	1477338	0.0	4626
gi|218665024|ref|NC_011761.1|	NC_011206	100.000	2503	0	0	2853903	2856405	2030561	2033063	0.0	4623
gi|218665024|ref|NC_011761.1|	NC_011206	100.000	2503	0	0	2853903	2856405	2365544	2368046	0.0	4623
gi|218665024|ref|NC_011761.1|	NC_011206	99.760	2500	6	0	2803520	2806019	2202678	2205177	0.0	4584
gi|218665024|ref|NC_011761.1|	NC_011206	100.000	2479	0	0	2200716	2203194	255766	253288	0.0	4578
gi|218665024|ref|NC_011761.1|	NC_011206	99.720	2500	7	0	2307977	2310476	2703359	2705858	0.0	4578
gi|218665024|ref|NC_011761.1|	NC_011206	100.000	2477	0	0	2200716	2203192	1730856	1733332	0.0	4575
gi|218665024|ref|NC_011761.1|	NC_011206	99.960	2479	0	1	2625236	2627713	1733333	1730855	0.0	4571
gi|218665024|ref|NC_011761.1|	NC_011206	99.960	2477	0	1	2625237	2627712	253290	255766	0.0	4567
gi|218665024|ref|NC_011761.1|	NC_011206	99.960	2477	0	1	2625237	2627712	2091733	2089257	0.0	4567
gi|218665024|ref|NC_011761.1|	NC_011206	100.000	2405	0	0	442064	444468	2033063	2035467	0.0	4442
gi|218665024|ref|NC_011761.1|	NC_011206	89.260	3529	332	34	1390617	1394117	218342	221851	0.0	4373
gi|218665024|ref|NC_011761.1|	NC_011206	91.029	3110	279	0	2172989	2176098	164980	161871	0.0	4198
gi|218665024|ref|NC_011761.1|	NC_011206	97.138	2481	71	0	1479728	1482208	1283687	1286167	0.0	4189
gi|218665024|ref|NC_011761.1|	NC_011206	97.093	2477	72	0	2200716	2203192	1286164	1283688	0.0	4176
gi|218665024|ref|NC_011761.1|	NC_011206	97.053	2477	72	1	2625237	2627712	1283688	1286164	0.0	4169
gi|218665024|ref|NC_011761.1|	NC_011206	96.817	2482	75	3	1479729	1482208	253290	255769	0.0	4143
gi|218665024|ref|NC_011761.1|	NC_011206	96.813	2479	75	3	1479729	1482205	1733332	1730856	0.0	4137
gi|218665024|ref|NC_011761.1|	NC_011206	96.813	2479	75	3	1479729	1482205	2091733	2089257	0.0	4137
gi|218665024|ref|NC_011761.1|	NC_011206	98.875	2311	26	0	2494367	2496677	2749664	2747354	0.0	4124
gi|218665024|ref|NC_011761.1|	NC_011206	97.543	2401	57	2	1503803	1506203	1389394	1391792	0.0	4106
gi|218665024|ref|NC_011761.1|	NC_011206	99.721	2153	6	0	566423	568575	2727453	2725301	0.0	3943
gi|218665024|ref|NC_011761.1|	NC_011206	99.675	2153	7	0	2825462	2827614	747593	745441	0.0	3938
gi|218665024|ref|NC_011761.1|	NC_011206	96.048	2429	66	16	1498946	1501349	1378163	1380586	0.0	3927
gi|218665024|ref|NC_011761.1|	NC_011206	92.564	2703	191	8	1412307	1415004	237317	240014	0.0	3869
gi|218665024|ref|NC_011761.1|	NC_011206	95.767	2339	96	3	2847515	2849851	2398500	2396163	0.0	3768
gi|218665024|ref|NC_011761.1|	NC_011206	94.377	2401	134	1	1366162	1368561	211287	213687	0.0	3685
gi|218665024|ref|NC_011761.1|	NC_011206	100.000	1969	0	0	2466316	2468284	2363575	2365543	0.0	3637
gi|218665024|ref|NC_011761.1|	NC_011206	95.069	2251	106	2	1369637	1371883	214751	217000	0.0	3537
gi|218665024|ref|NC_011761.1|	NC_011206	95.738	2135	87	4	1501635	1503769	1380617	1382747	0.0	3435
gi|218665024|ref|NC_011761.1|	NC_011206	100.000	1820	0	0	444437	446256	308923	307104	0.0	3362
gi|218665024|ref|NC_011761.1|	NC_011206	100.000	1808	0	0	2980590	2982397	1	1808	0.0	3339
gi|218665024|ref|NC_011761.1|	NC_011206	85.538	3153	446	10	1696667	1699814	2061030	2064177	0.0	3288
gi|218665024|ref|NC_011761.1|	NC_011206	85.664	3111	436	10	2172988	2176093	1577774	1580879	0.0	3265
gi|218665024|ref|NC_011761.1|	NC_011206	94.098	2118	123	2	2470864	2472979	2070528	2068411	0.0	3217
gi|218665024|ref|NC_011761.1|	NC_011206	94.098	2118	123	2	2181925	2184042	2372747	2370632	0.0	3217
gi|218665024|ref|NC_011761.1|	NC_011206	93.256	2165	146	0	1501647	1503811	266365	268529	0.0	3190
gi|218665024|ref|NC_011761.1|	NC_011206	100.000	1697	0	0	439390	441086	313970	312274	0.0	3134
gi|218665024|ref|NC_011761.1|	NC_011206	95.983	1842	71	1	1472613	1474454	249179	251017	0.0	2988
gi|218665024|ref|NC_011761.1|	NC_011206	92.341	2102	156	5	2470925	2473024	155529	157627	0.0	2985
gi|218665024|ref|NC_011761.1|	NC_011206	91.706	2134	152	8	1399668	1401799	229111	231221	0.0	2937
gi|218665024|ref|NC_011761.1|	NC_011206	93.140	1997	115	11	542886	544877	718226	720205	0.0	2909
gi|218665024|ref|NC_011761.1|	NC_011206	93.140	1997	115	11	539208	541187	721904	723895	0.0	2909
gi|218665024|ref|NC_011761.1|	NC_011206	92.031	2058	159	5	2181924	2183979	157583	155529	0.0	2887
gi|218665024|ref|NC_011761.1|	NC_011206	100.000	1520	0	0	2228653	2230172	2119252	2120771	0.0	2808
gi|218665024|ref|NC_011761.1|	NC_011206	99.930	1435	1	0	2857999	2859433	1535662	1537096	0.0	2645
gi|218665024|ref|NC_011761.1|	NC_011206	99.930	1434	1	0	2858000	2859433	1533516	1534949	0.0	2643
gi|218665024|ref|NC_011761.1|	NC_011206	99.930	1434	1	0	1654556	1655989	2759895	2761328	0.0	2643
gi|218665024|ref|NC_011761.1|	NC_011206	92.750	1793	114	7	2170395	2172185	166771	164993	0.0	2577
gi|218665024|ref|NC_011761.1|	NC_011206	85.327	2474	357	6	2177820	2180288	1580917	1583389	0.0	2553
gi|218665024|ref|NC_011761.1|	NC_011206	93.816	1698	103	2	439390	441086	2037132	2035436	0.0	2553
gi|218665024|ref|NC_011761.1|	NC_011206	85.345	2477	351	10	1699810	1702282	2064306	2066774	0.0	2553
gi|218665024|ref|NC_011761.1|	NC_011206	96.732	1469	48	0	1757475	1758943	2747322	2748790	0.0	2447
gi|218665024|ref|NC_011761.1|	NC_011206	94.441	1583	83	4	1466591	1468171	243302	244881	0.0	2431
gi|218665024|ref|NC_011761.1|	NC_011206	96.868	1437	45	0	2495241	2496677	1640050	1638614	0.0	2405
gi|218665024|ref|NC_011761.1|	NC_011206	96.868	1437	45	0	1757507	1758943	2398500	2397064	0.0	2405
gi|218665024|ref|NC_011761.1|	NC_011206	99.100	1333	10	2	1387813	1389144	1382744	1384075	0.0	2394
gi|218665024|ref|NC_011761.1|	NC_011206	95.448	1494	68	0	1180614	1182107	2872172	2873665	0.0	2383
gi|218665024|ref|NC_011761.1|	NC_011206	94.490	1470	78	3	2847483	2848950	1638582	1640050	0.0	2263
gi|218665024|ref|NC_011761.1|	NC_011206	94.886	1408	72	0	1405967	1407374	231393	232800	0.0	2202
gi|218665024|ref|NC_011761.1|	NC_011206	100.000	1192	0	0	291386	292577	453885	455076	0.0	2202
gi|218665024|ref|NC_011761.1|	NC_011206	100.000	1192	0	0	275371	276562	469900	471091	0.0	2202
gi|218665024|ref|NC_011761.1|	NC_011206	98.514	1211	18	0	760466	761676	2030560	2029350	0.0	2137
gi|218665024|ref|NC_011761.1|	NC_011206	88.016	1719	190	10	1198445	1200157	2385588	2387296	0.0	2019
gi|218665024|ref|NC_011761.1|	NC_011206	97.692	1170	27	0	687808	688977	2057272	2056103	0.0	2012
gi|218665024|ref|NC_011761.1|	NC_011206	96.255	1175	44	0	1129267	1130441	807562	806388	0.0	1927
gi|218665024|ref|NC_011761.1|	NC_011206	89.351	1540	147	11	1468201	1469727	244866	246401	0.0	1919
gi|218665024|ref|NC_011761.1|	NC_011206	92.771	1328	89	5	1469716	1471042	246353	247674	0.0	1914
gi|218665024|ref|NC_011761.1|	NC_011206	99.431	1054	5	1	2966720	2967772	2568116	2569169	0.0	1912
gi|218665024|ref|NC_011761.1|	NC_011206	99.431	1054	5	1	2668277	2669330	2871169	2872221	0.0	1912
gi|218665024|ref|NC_011761.1|	NC_011206	100.000	1015	0	0	441056	442070	2029546	2030560	0.0	1875
gi|218665024|ref|NC_011761.1|	NC_011206	91.121	1329	108	9	2298125	2299448	2167133	2165810	0.0	1792
gi|218665024|ref|NC_011761.1|	NC_011206	91.121	1329	108	10	2271101	2272424	2194149	2192826	0.0	1792
gi|218665024|ref|NC_011761.1|	NC_011206	92.705	1220	81	5	2475157	2476369	166952	168170	0.0	1753
gi|218665024|ref|NC_011761.1|	NC_011206	92.754	1173	85	0	2168061	2169233	867995	866823	0.0	1696
gi|218665024|ref|NC_011761.1|	NC_011206	91.997	1187	61	12	1398499	1399666	227857	229028	0.0	1635
gi|218665024|ref|NC_011761.1|	NC_011206	92.951	1064	72	3	1839816	1840879	154389	153329	0.0	1546
gi|218665024|ref|NC_011761.1|	NC_011206	100.000	822	0	0	1597564	1598385	1474014	1474835	0.0	1519
gi|218665024|ref|NC_011761.1|	NC_011206	96.417	893	32	0	1046382	1047274	2779331	2778439	0.0	1472
gi|218665024|ref|NC_011761.1|	NC_011206	95.238	924	43	1	1398864	1399786	1278143	1279066	0.0	1461
gi|218665024|ref|NC_011761.1|	NC_011206	89.667	1142	116	2	2196403	2197543	193249	194389	0.0	1454
gi|218665024|ref|NC_011761.1|	NC_011206	97.222	828	23	0	1371058	1371885	1256764	1257591	0.0	1402
gi|218665024|ref|NC_011761.1|	NC_011206	85.393	1335	174	15	2594081	2595401	1877243	1878570	0.0	1365
gi|218665024|ref|NC_011761.1|	NC_011206	85.371	1333	178	11	1991710	1993037	2495905	2497225	0.0	1365
gi|218665024|ref|NC_011761.1|	NC_011206	90.881	954	71	7	2150709	2151646	1726717	1725764	0.0	1266
gi|218665024|ref|NC_011761.1|	NC_011206	90.881	954	71	7	1844657	1845610	2039688	2038751	0.0	1266
gi|218665024|ref|NC_011761.1|	NC_011206	81.118	1557	284	10	834363	835914	148385	146834	0.0	1238
gi|218665024|ref|NC_011761.1|	NC_011206	92.909	832	56	1	1151752	1152583	206056	205228	0.0	1206
gi|218665024|ref|NC_011761.1|	NC_011206	91.580	867	55	5	1397634	1398500	226149	226997	0.0	1181
gi|218665024|ref|NC_011761.1|	NC_011206	85.359	1127	149	7	2474025	2475149	165745	166857	0.0	1153
gi|218665024|ref|NC_011761.1|	NC_011206	88.877	953	82	9	1471040	1471992	247636	248564	0.0	1151
gi|218665024|ref|NC_011761.1|	NC_011206	90.811	838	73	4	1184284	1185119	1479456	1478621	0.0	1118
gi|218665024|ref|NC_011761.1|	NC_011206	85.975	1041	133	7	2474025	2475061	2059467	2058436	0.0	1101
gi|218665024|ref|NC_011761.1|	NC_011206	85.975	1041	133	7	2170394	2171425	2374829	2373793	0.0	1101
gi|218665024|ref|NC_011761.1|	NC_011206	88.608	869	79	10	1497519	1498386	262371	263220	0.0	1038
gi|218665024|ref|NC_011761.1|	NC_011206	96.046	607	24	0	2850056	2850662	2392574	2391968	0.0	989
gi|218665024|ref|NC_011761.1|	NC_011206	95.902	610	25	0	2492200	2492809	2750502	2749893	0.0	989
gi|218665024|ref|NC_011761.1|	NC_011206	93.233	665	37	8	2161677	2162338	1277303	1276644	0.0	972
gi|218665024|ref|NC_011761.1|	NC_011206	94.249	626	36	0	1471989	1472614	248591	249216	0.0	957
gi|218665024|ref|NC_011761.1|	NC_011206	97.588	539	13	0	1397634	1398172	1270061	1270599	0.0	924
gi|218665024|ref|NC_011761.1|	NC_011206	92.308	611	46	1	1457058	1457667	1338534	1339144	0.0	867
gi|218665024|ref|NC_011761.1|	NC_011206	91.922	619	48	2	1456716	1457334	1338876	1339492	0.0	865
gi|218665024|ref|NC_011761.1|	NC_011206	93.576	576	37	0	1498377	1498952	263265	263840	0.0	859
gi|218665024|ref|NC_011761.1|	NC_011206	85.542	830	108	7	929635	930461	2811681	2812501	0.0	857
gi|218665024|ref|NC_011761.1|	NC_011206	85.516	794	106	7	1521507	1522296	283866	284654	0.0	821
gi|218665024|ref|NC_011761.1|	NC_011206	90.273	586	52	4	2846889	2847471	1637369	1637952	0.0	761
gi|218665024|ref|NC_011761.1|	NC_011206	90.273	586	52	4	1756262	1756845	2746728	2747310	0.0	761
gi|218665024|ref|NC_011761.1|	NC_011206	80.312	1026	178	22	2358251	2359264	1388200	1389213	0.0	754
gi|218665024|ref|NC_011761.1|	NC_011206	87.443	653	73	6	2473099	2473743	158628	159279	0.0	743
gi|218665024|ref|NC_011761.1|	NC_011206	76.355	1421	312	23	1462672	1464080	2640672	2639264	0.0	741
gi|218665024|ref|NC_011761.1|	NC_011206	87.462	654	64	11	2473101	2473743	2067510	2066864	0.0	737
gi|218665024|ref|NC_011761.1|	NC_011206	87.462	654	64	11	2180378	2181024	2373511	2372869	0.0	737
gi|218665024|ref|NC_011761.1|	NC_011206	76.268	1420	315	20	2739425	2740833	1345898	1344490	0.0	736
gi|218665024|ref|NC_011761.1|	NC_011206	94.805	462	24	0	2849419	2849880	1640047	1640508	0.0	721
gi|218665024|ref|NC_011761.1|	NC_011206	94.805	462	24	0	1758940	1759401	2749259	2749720	0.0	721
gi|218665024|ref|NC_011761.1|	NC_011206	98.750	400	5	0	2494373	2494772	1640446	1640047	0.0	712
gi|218665024|ref|NC_011761.1|	NC_011206	98.750	400	5	0	1758940	1759339	2396595	2396196	0.0	712
gi|218665024|ref|NC_011761.1|	NC_011206	92.276	492	38	0	1128739	1129230	808900	808409	0.0	699
gi|218665024|ref|NC_011761.1|	NC_011206	92.577	485	36	0	1496216	1496700	261791	262275	0.0	697
gi|218665024|ref|NC_011761.1|	NC_011206	81.185	861	150	10	2195257	2196111	1879498	1878644	0.0	682
gi|218665024|ref|NC_011761.1|	NC_011206	82.099	810	133	10	1993177	1993979	2084586	2083782	0.0	682
gi|218665024|ref|NC_011761.1|	NC_011206	89.444	540	47	5	791755	792286	626236	626773	0.0	673
gi|218665024|ref|NC_011761.1|	NC_011206	89.444	540	47	5	447717	448254	965945	966476	0.0	673
gi|218665024|ref|NC_011761.1|	NC_011206	82.353	765	132	3	2209579	2210341	2095982	2096745	0.0	662
gi|218665024|ref|NC_011761.1|	NC_011206	82.353	765	132	3	2207441	2208204	2098120	2098882	0.0	662
gi|218665024|ref|NC_011761.1|	NC_011206	97.895	380	8	0	1498946	1499325	263804	264183	0.0	658
gi|218665024|ref|NC_011761.1|	NC_011206	93.556	419	25	2	1404190	1404607	1280854	1281271	1.82e-175	623
gi|218665024|ref|NC_011761.1|	NC_011206	90.566	477	23	8	2388616	2389092	2283191	2283645	3.94e-172	612
gi|218665024|ref|NC_011761.1|	NC_011206	90.566	477	23	8	2388490	2388944	2283317	2283793	3.94e-172	612
gi|218665024|ref|NC_011761.1|	NC_011206	95.263	380	18	0	1500336	1500715	265212	265591	2.37e-169	603
gi|218665024|ref|NC_011761.1|	NC_011206	90.848	448	39	2	2836996	2837442	1284967	1284521	3.07e-168	599
gi|218665024|ref|NC_011761.1|	NC_011206	90.402	448	41	2	2836996	2837442	254569	254123	6.64e-165	588
gi|218665024|ref|NC_011761.1|	NC_011206	91.224	433	36	2	2836996	2837427	1732053	1732484	6.64e-165	588
gi|218665024|ref|NC_011761.1|	NC_011206	91.224	433	36	2	2836996	2837427	2090454	2090885	6.64e-165	588
gi|218665024|ref|NC_011761.1|	NC_011206	91.224	433	36	2	2626084	2626515	2737266	2736835	6.64e-165	588
gi|218665024|ref|NC_011761.1|	NC_011206	91.224	433	36	2	1480577	1481008	2737266	2736835	6.64e-165	588
gi|218665024|ref|NC_011761.1|	NC_011206	91.224	433	36	2	2201913	2202344	2736835	2737266	6.64e-165	588
gi|218665024|ref|NC_011761.1|	NC_011206	87.952	498	58	2	1376644	1377140	217800	218296	2.39e-164	586
gi|218665024|ref|NC_011761.1|	NC_011206	86.090	532	70	4	1520879	1521408	283309	283838	2.41e-159	569
gi|218665024|ref|NC_011761.1|	NC_011206	82.629	639	109	2	688332	688969	181313	181950	1.12e-157	564
gi|218665024|ref|NC_011761.1|	NC_011206	97.196	321	9	0	1415466	1415786	240404	240724	1.46e-151	544
gi|218665024|ref|NC_011761.1|	NC_011206	88.326	454	50	3	2464183	2464634	2254587	2254135	5.24e-151	542
gi|218665024|ref|NC_011761.1|	NC_011206	88.470	451	49	3	2359437	2359886	2359835	2359387	5.24e-151	542
gi|218665024|ref|NC_011761.1|	NC_011206	85.743	505	64	8	1511985	1512486	2398213	2397714	1.47e-146	527
gi|218665024|ref|NC_011761.1|	NC_011206	85.743	505	64	7	1511985	1512486	2747641	2748140	1.47e-146	527
gi|218665024|ref|NC_011761.1|	NC_011206	85.149	505	67	8	1511985	1512486	1638901	1639400	1.48e-141	510
gi|218665024|ref|NC_011761.1|	NC_011206	90.588	340	32	0	1175497	1175836	85310	85649	9.09e-124	451
gi|218665024|ref|NC_011761.1|	NC_011206	89.796	343	33	2	617788	618128	307104	307446	7.08e-120	438
gi|218665024|ref|NC_011761.1|	NC_011206	89.796	343	33	2	617788	618128	624775	624433	7.08e-120	438
gi|218665024|ref|NC_011761.1|	NC_011206	89.796	343	33	2	762927	763269	797146	796806	7.08e-120	438
gi|218665024|ref|NC_011761.1|	NC_011206	89.796	343	33	2	445914	446256	797146	796806	7.08e-120	438
gi|218665024|ref|NC_011761.1|	NC_011206	91.483	317	27	0	1103755	1104071	2431832	2431516	2.55e-119	436
gi|218665024|ref|NC_011761.1|	NC_011206	92.517	294	22	0	2478625	2478918	978553	978846	7.13e-115	422
gi|218665024|ref|NC_011761.1|	NC_011206	92.517	294	22	0	804363	804656	2378393	2378686	7.13e-115	422
gi|218665024|ref|NC_011761.1|	NC_011206	90.301	299	26	3	1474999	1475295	251737	252034	7.23e-105	388
gi|218665024|ref|NC_011761.1|	NC_011206	91.635	263	21	1	1404190	1404452	230960	231221	4.38e-97	363
gi|218665024|ref|NC_011761.1|	NC_011206	93.117	247	17	0	1401708	1401954	1286164	1286410	4.38e-97	363
gi|218665024|ref|NC_011761.1|	NC_011206	91.353	266	15	6	1149338	1149598	1307434	1307172	2.04e-95	357
gi|218665024|ref|NC_011761.1|	NC_011206	92.400	250	19	0	1457399	1457648	1338534	1338783	2.04e-95	357
gi|218665024|ref|NC_011761.1|	NC_011206	89.928	278	26	2	1456716	1456993	1339217	1339492	2.04e-95	357
gi|218665024|ref|NC_011761.1|	NC_011206	91.498	247	19	1	1740761	1741005	1417369	1417615	7.38e-90	339
gi|218665024|ref|NC_011761.1|	NC_011206	91.498	247	19	1	1547084	1547330	1621868	1622112	7.38e-90	339
gi|218665024|ref|NC_011761.1|	NC_011206	85.152	330	35	10	2912710	2913032	304510	304188	5.75e-86	326
gi|218665024|ref|NC_011761.1|	NC_011206	85.152	330	35	10	132545	132867	2819037	2818715	5.75e-86	326
gi|218665024|ref|NC_011761.1|	NC_011206	92.070	227	18	0	444437	444663	2029576	2029350	2.67e-84	320
gi|218665024|ref|NC_011761.1|	NC_011206	79.678	497	60	21	2388510	2389002	2282971	2283430	2.67e-84	320
gi|218665024|ref|NC_011761.1|	NC_011206	79.678	497	60	21	2388270	2388729	2283211	2283703	2.67e-84	320
gi|218665024|ref|NC_011761.1|	NC_011206	76.384	614	129	14	2024281	2024886	1907792	1907187	3.46e-83	316
gi|218665024|ref|NC_011761.1|	NC_011206	76.299	616	132	12	2021655	2022263	1910418	1909810	3.46e-83	316
gi|218665024|ref|NC_011761.1|	NC_011206	87.956	274	22	9	1348642	1348914	123084	123347	4.48e-82	313
gi|218665024|ref|NC_011761.1|	NC_011206	92.593	216	16	0	2845012	2845227	1637153	1637368	1.61e-81	311
gi|218665024|ref|NC_011761.1|	NC_011206	92.593	216	16	0	1756046	1756261	2744851	2745066	1.61e-81	311
gi|218665024|ref|NC_011761.1|	NC_011206	94.416	197	11	0	2671225	2671421	2567837	2568033	2.69e-79	303
gi|218665024|ref|NC_011761.1|	NC_011206	94.416	197	11	0	2667998	2668194	2571064	2571260	2.69e-79	303
gi|218665024|ref|NC_011761.1|	NC_011206	87.843	255	28	2	2150455	2150708	1727385	1727133	4.51e-77	296
gi|218665024|ref|NC_011761.1|	NC_011206	87.597	258	29	2	1846026	1846281	2038750	2038494	4.51e-77	296
gi|218665024|ref|NC_011761.1|	NC_011206	96.089	179	7	0	2694426	2694604	2570872	2571050	5.83e-76	292
gi|218665024|ref|NC_011761.1|	NC_011206	96.089	179	7	0	2671033	2671211	2594265	2594443	5.83e-76	292
gi|218665024|ref|NC_011761.1|	NC_011206	90.783	217	20	0	2462379	2462595	797511	797295	2.10e-75	291
gi|218665024|ref|NC_011761.1|	NC_011206	88.115	244	29	0	1191143	1191386	972666	972909	2.10e-75	291
gi|218665024|ref|NC_011761.1|	NC_011206	90.783	217	20	0	618277	618493	2357799	2357583	2.10e-75	291
gi|218665024|ref|NC_011761.1|	NC_011206	90.045	221	18	2	2694158	2694377	2570654	2570871	3.51e-73	283
gi|218665024|ref|NC_011761.1|	NC_011206	90.045	221	18	2	2670815	2671032	2593997	2594216	3.51e-73	283
gi|218665024|ref|NC_011761.1|	NC_011206	89.815	216	21	1	1839518	1839732	154595	154380	5.87e-71	276
gi|218665024|ref|NC_011761.1|	NC_011206	93.923	181	10	1	1401538	1401717	1283508	1283688	7.60e-70	272
gi|218665024|ref|NC_011761.1|	NC_011206	91.710	193	14	2	1069859	1070050	2743791	2743600	3.53e-68	267
gi|218665024|ref|NC_011761.1|	NC_011206	88.679	212	9	1	2473819	2474015	1579700	1579489	1.66e-61	244
gi|218665024|ref|NC_011761.1|	NC_011206	88.995	209	8	1	1698385	1698593	2373780	2373587	1.66e-61	244
gi|218665024|ref|NC_011761.1|	NC_011206	90.761	184	12	3	1474580	1474762	251329	251508	2.14e-60	241
gi|218665024|ref|NC_011761.1|	NC_011206	94.771	153	8	0	2465245	2465397	930363	930211	7.70e-60	239
gi|218665024|ref|NC_011761.1|	NC_011206	99.242	132	1	0	2388294	2388425	2282848	2282979	7.70e-60	239
gi|218665024|ref|NC_011761.1|	NC_011206	99.242	132	1	0	2388147	2388278	2282995	2283126	7.70e-60	239
gi|218665024|ref|NC_011761.1|	NC_011206	94.771	153	8	0	749138	749290	2360601	2360449	7.70e-60	239
gi|218665024|ref|NC_011761.1|	NC_011206	94.118	153	8	1	2849901	2850052	2393106	2392954	1.29e-57	231
gi|218665024|ref|NC_011761.1|	NC_011206	94.118	153	8	1	2493186	2493338	2749892	2749741	1.29e-57	231
gi|218665024|ref|NC_011761.1|	NC_011206	82.624	282	28	7	2388532	2388792	2282846	2283127	4.64e-57	230
gi|218665024|ref|NC_011761.1|	NC_011206	82.624	282	28	7	2388145	2388426	2283233	2283493	4.64e-57	230
gi|218665024|ref|NC_011761.1|	NC_011206	92.208	154	10	2	1370040	1370192	1256622	1256774	3.61e-53	217
gi|218665024|ref|NC_011761.1|	NC_011206	92.617	149	11	0	1369029	1369177	214158	214306	1.30e-52	215
gi|218665024|ref|NC_011761.1|	NC_011206	94.737	133	7	0	1174490	1174622	2872234	2872366	2.17e-50	207
gi|218665024|ref|NC_011761.1|	NC_011206	84.906	212	17	9	2473819	2474015	163055	163266	3.64e-48	200
gi|218665024|ref|NC_011761.1|	NC_011206	84.507	213	16	6	2473819	2474015	2062956	2062745	1.69e-46	195
gi|218665024|ref|NC_011761.1|	NC_011206	84.507	213	16	8	2174703	2174914	2373783	2373587	1.69e-46	195
gi|218665024|ref|NC_011761.1|	NC_011206	88.535	157	16	2	1500919	1501074	265858	266013	7.87e-45	189
gi|218665024|ref|NC_011761.1|	NC_011206	92.424	132	9	1	2852907	2853037	1384111	1384242	2.83e-44	187
gi|218665024|ref|NC_011761.1|	NC_011206	94.783	115	6	0	1474467	1474581	250994	251108	4.74e-42	180
gi|218665024|ref|NC_011761.1|	NC_011206	88.514	148	17	0	2388660	2388807	2282848	2282995	4.74e-42	180
gi|218665024|ref|NC_011761.1|	NC_011206	88.514	148	17	0	2388147	2388294	2283361	2283508	4.74e-42	180
gi|218665024|ref|NC_011761.1|	NC_011206	89.781	137	13	1	1174627	1174763	84242	84377	2.20e-40	174
gi|218665024|ref|NC_011761.1|	NC_011206	88.732	142	16	0	2195811	2195952	1881691	1881550	2.20e-40	174
gi|218665024|ref|NC_011761.1|	NC_011206	88.732	142	16	0	1996017	1996158	2084493	2084352	2.20e-40	174
gi|218665024|ref|NC_011761.1|	NC_011206	97.059	102	3	0	13499	13600	14359	14460	7.93e-40	172
gi|218665024|ref|NC_011761.1|	NC_011206	97.059	102	3	0	12551	12652	15307	15408	7.93e-40	172
gi|218665024|ref|NC_011761.1|	NC_011206	80.488	246	24	10	1501128	1501350	266036	266280	3.69e-38	167
gi|218665024|ref|NC_011761.1|	NC_011206	93.043	115	6	2	1377134	1377248	2039569	2039681	3.69e-38	167
gi|218665024|ref|NC_011761.1|	NC_011206	91.667	120	7	2	2160727	2160845	167123	167006	4.77e-37	163
gi|218665024|ref|NC_011761.1|	NC_011206	92.174	115	8	1	1377134	1377248	1725884	1725771	1.72e-36	161
gi|218665024|ref|NC_011761.1|	NC_011206	89.051	137	4	2	1371881	1372017	217033	217158	6.17e-36	159
gi|218665024|ref|NC_011761.1|	NC_011206	87.234	141	16	2	2950266	2950405	2752889	2752750	6.17e-36	159
gi|218665024|ref|NC_011761.1|	NC_011206	87.234	141	16	2	2852910	2853049	2854854	2854715	6.17e-36	159
gi|218665024|ref|NC_011761.1|	NC_011206	96.809	94	2	1	2567550	2567642	2467818	2467911	7.98e-35	156
gi|218665024|ref|NC_011761.1|	NC_011206	96.809	94	2	1	2565994	2566087	2469374	2469466	7.98e-35	156
gi|218665024|ref|NC_011761.1|	NC_011206	85.417	144	21	0	2950264	2950407	1384256	1384113	3.71e-33	150
gi|218665024|ref|NC_011761.1|	NC_011206	86.765	136	12	6	2310096	2310228	2204617	2204749	4.80e-32	147
gi|218665024|ref|NC_011761.1|	NC_011206	86.765	136	12	6	2805639	2805771	2204617	2204749	4.80e-32	147
gi|218665024|ref|NC_011761.1|	NC_011206	86.667	135	14	4	2309916	2310048	2204797	2204929	4.80e-32	147
gi|218665024|ref|NC_011761.1|	NC_011206	86.667	135	14	4	2805459	2805591	2204797	2204929	4.80e-32	147
gi|218665024|ref|NC_011761.1|	NC_011206	86.765	136	12	6	2310096	2310228	2705298	2705430	4.80e-32	147
gi|218665024|ref|NC_011761.1|	NC_011206	86.765	136	12	6	2805639	2805771	2705298	2705430	4.80e-32	147
gi|218665024|ref|NC_011761.1|	NC_011206	86.667	135	14	4	2309916	2310048	2705478	2705610	4.80e-32	147
gi|218665024|ref|NC_011761.1|	NC_011206	86.667	135	14	4	2805459	2805591	2705478	2705610	4.80e-32	147
gi|218665024|ref|NC_011761.1|	NC_011206	72.327	477	126	4	2535006	2535479	1093494	1093967	1.73e-31	145
gi|218665024|ref|NC_011761.1|	NC_011206	91.429	105	9	0	2143719	2143823	1283687	1283791	1.73e-31	145
gi|218665024|ref|NC_011761.1|	NC_011206	72.327	477	126	4	1210574	1211047	2436830	2437303	1.73e-31	145
gi|218665024|ref|NC_011761.1|	NC_011206	86.260	131	18	0	1401996	1402126	1286399	1286529	6.21e-31	143
gi|218665024|ref|NC_011761.1|	NC_011206	94.505	91	5	0	2476370	2476460	168664	168754	2.24e-30	141
gi|218665024|ref|NC_011761.1|	NC_011206	90.566	106	10	0	1479727	1479832	2029250	2029355	2.24e-30	141
gi|218665024|ref|NC_011761.1|	NC_011206	77.593	241	46	7	2594378	2594614	2085708	2085472	8.04e-30	139
gi|218665024|ref|NC_011761.1|	NC_011206	78.017	232	43	7	2196940	2197167	2496429	2496202	8.04e-30	139
gi|218665024|ref|NC_011761.1|	NC_011206	82.390	159	26	2	2758283	2758440	2657801	2657958	2.89e-29	137
gi|218665024|ref|NC_011761.1|	NC_011206	82.390	159	26	2	2757962	2758119	2658122	2658279	2.89e-29	137
gi|218665024|ref|NC_011761.1|	NC_011206	89.720	107	8	1	1476414	1476520	1358004	1358107	3.74e-28	134
gi|218665024|ref|NC_011761.1|	NC_011206	76.494	251	51	7	2196921	2197167	1877785	1877539	4.84e-27	130
gi|218665024|ref|NC_011761.1|	NC_011206	76.494	251	51	7	1992006	1992252	2085708	2085462	4.84e-27	130
gi|218665024|ref|NC_011761.1|	NC_011206	82.759	145	24	1	1705440	1705584	85937	85794	1.74e-26	128
gi|218665024|ref|NC_011761.1|	NC_011206	96.154	78	3	0	1491185	1491262	261689	261766	1.74e-26	128
gi|218665024|ref|NC_011761.1|	NC_011206	88.785	107	9	1	1476261	1476364	1358157	1358263	1.74e-26	128
gi|218665024|ref|NC_011761.1|	NC_011206	83.099	142	23	1	83989	84129	1586688	1586547	1.74e-26	128
gi|218665024|ref|NC_011761.1|	NC_011206	97.297	74	2	0	2836711	2836784	974059	973986	6.26e-26	126
gi|218665024|ref|NC_011761.1|	NC_011206	97.297	74	2	0	799796	799869	2736623	2736550	6.26e-26	126
gi|218665024|ref|NC_011761.1|	NC_011206	98.571	70	1	0	2473749	2473818	1582387	1582318	2.25e-25	124
gi|218665024|ref|NC_011761.1|	NC_011206	98.571	70	1	0	1701211	1701280	2373586	2373517	2.25e-25	124
gi|218665024|ref|NC_011761.1|	NC_011206	82.540	126	21	1	2150452	2150576	2015885	2015760	6.30e-21	110
gi|218665024|ref|NC_011761.1|	NC_011206	82.927	123	20	1	2130231	2130353	2038615	2038494	6.30e-21	110
gi|218665024|ref|NC_011761.1|	NC_011206	95.588	68	1	2	2497018	2497083	2387152	2387219	2.27e-20	108
gi|218665024|ref|NC_011761.1|	NC_011206	95.588	68	1	2	2487384	2487451	2398841	2398906	2.27e-20	108
gi|218665024|ref|NC_011761.1|	NC_011206	90.123	81	6	2	2562387	2562466	2048734	2048813	2.93e-19	104
gi|218665024|ref|NC_011761.1|	NC_011206	88.506	87	8	2	2742736	2742820	2127068	2126982	2.93e-19	104
gi|218665024|ref|NC_011761.1|	NC_011206	90.123	81	6	2	2160692	2160771	2464211	2464290	2.93e-19	104
gi|218665024|ref|NC_011761.1|	NC_011206	87.778	90	9	2	2234328	2234417	2642659	2642572	2.93e-19	104
gi|218665024|ref|NC_011761.1|	NC_011206	98.246	57	1	0	770079	770135	929823	929879	3.79e-18	100
gi|218665024|ref|NC_011761.1|	NC_011206	98.246	57	1	0	748750	748806	944269	944325	3.79e-18	100
gi|218665024|ref|NC_011761.1|	NC_011206	100.000	54	0	0	2066857	2066910	1952133	1952186	3.79e-18	100
gi|218665024|ref|NC_011761.1|	NC_011206	100.000	54	0	0	2066601	2066654	1952389	1952442	3.79e-18	100
gi|218665024|ref|NC_011761.1|	NC_011206	82.609	115	19	1	1149338	1149452	2370564	2370451	3.79e-18	100
gi|218665024|ref|NC_011761.1|	NC_011206	90.541	74	7	0	2117161	2117234	453683	453756	1.36e-17	99.0
gi|218665024|ref|NC_011761.1|	NC_011206	90.541	74	7	0	275169	275242	2002693	2002766	1.36e-17	99.0
gi|218665024|ref|NC_011761.1|	NC_011206	95.161	62	3	0	1175838	1175899	2870319	2870380	1.36e-17	99.0
gi|218665024|ref|NC_011761.1|	NC_011206	96.552	58	2	0	1841059	1841116	929627	929570	4.91e-17	97.1
gi|218665024|ref|NC_011761.1|	NC_011206	86.364	88	12	0	2021478	2021565	1172316	1172229	4.91e-17	97.1
gi|218665024|ref|NC_011761.1|	NC_011206	96.552	58	2	0	748497	748554	1722223	1722166	4.91e-17	97.1
gi|218665024|ref|NC_011761.1|	NC_011206	89.474	76	8	0	1287266	1287341	1907085	1907010	4.91e-17	97.1
gi|218665024|ref|NC_011761.1|	NC_011206	95.000	60	3	0	1028968	1029027	1005179	1005120	1.76e-16	95.3
gi|218665024|ref|NC_011761.1|	NC_011206	80.488	123	24	0	2049901	2050023	1907097	1906975	1.76e-16	95.3
gi|218665024|ref|NC_011761.1|	NC_011206	86.207	87	12	0	2021479	2021565	1935519	1935433	1.76e-16	95.3
gi|218665024|ref|NC_011761.1|	NC_011206	91.304	69	6	0	2473031	2473099	2067977	2067909	1.76e-16	95.3
gi|218665024|ref|NC_011761.1|	NC_011206	91.304	69	6	0	2181423	2181491	2372867	2372799	1.76e-16	95.3
gi|218665024|ref|NC_011761.1|	NC_011206	100.000	50	0	0	2672347	2672396	972667	972716	6.35e-16	93.5
gi|218665024|ref|NC_011761.1|	NC_011206	94.915	59	3	0	1522500	1522558	1234011	1234069	6.35e-16	93.5
gi|218665024|ref|NC_011761.1|	NC_011206	94.915	59	3	0	1346981	1347039	1392783	1392841	6.35e-16	93.5
gi|218665024|ref|NC_011761.1|	NC_011206	100.000	50	0	0	798477	798526	2572186	2572235	6.35e-16	93.5
gi|218665024|ref|NC_011761.1|	NC_011206	100.000	49	0	0	1476179	1476227	1358102	1358150	2.28e-15	91.6
gi|218665024|ref|NC_011761.1|	NC_011206	98.077	52	0	1	2862380	2862431	972666	972716	8.21e-15	89.8
gi|218665024|ref|NC_011761.1|	NC_011206	86.420	81	11	0	2478090	2478170	2360682	2360762	8.21e-15	89.8
gi|218665024|ref|NC_011761.1|	NC_011206	86.420	81	11	0	2465478	2465558	2377858	2377938	8.21e-15	89.8
gi|218665024|ref|NC_011761.1|	NC_011206	100.000	48	0	0	1191146	1191193	2572188	2572235	8.21e-15	89.8
gi|218665024|ref|NC_011761.1|	NC_011206	100.000	48	0	0	2862384	2862431	2572188	2572235	8.21e-15	89.8
gi|218665024|ref|NC_011761.1|	NC_011206	98.077	52	0	1	798476	798526	2764275	2764326	8.21e-15	89.8
gi|218665024|ref|NC_011761.1|	NC_011206	100.000	48	0	0	1191146	1191193	2764279	2764326	8.21e-15	89.8
gi|218665024|ref|NC_011761.1|	NC_011206	100.000	48	0	0	2672349	2672396	2764279	2764326	8.21e-15	89.8
gi|218665024|ref|NC_011761.1|	NC_011206	100.000	46	0	0	1403875	1403920	129804	129759	1.06e-13	86.1
gi|218665024|ref|NC_011761.1|	NC_011206	97.959	49	1	0	1476359	1476407	1357922	1357970	1.06e-13	86.1
gi|218665024|ref|NC_011761.1|	NC_011206	79.545	132	17	9	2630697	2630823	1625493	1625367	1.06e-13	86.1
gi|218665024|ref|NC_011761.1|	NC_011206	78.000	150	23	9	1744260	1744404	2530163	2530019	1.06e-13	86.1
gi|218665024|ref|NC_011761.1|	NC_011206	94.444	54	2	1	2222915	2222967	972717	972664	1.37e-12	82.4
gi|218665024|ref|NC_011761.1|	NC_011206	97.872	47	1	0	1390546	1390592	1722588	1722542	1.37e-12	82.4
gi|218665024|ref|NC_011761.1|	NC_011206	94.340	53	3	0	2361439	2361491	2040814	2040866	1.37e-12	82.4
gi|218665024|ref|NC_011761.1|	NC_011206	94.444	54	1	2	2672349	2672401	2111506	2111454	1.37e-12	82.4
gi|218665024|ref|NC_011761.1|	NC_011206	94.444	54	2	1	798474	798527	2111511	2111459	1.37e-12	82.4
gi|218665024|ref|NC_011761.1|	NC_011206	94.340	53	3	0	2152772	2152824	2256140	2256192	1.37e-12	82.4
gi|218665024|ref|NC_011761.1|	NC_011206	94.444	54	1	2	2222910	2222962	2572240	2572188	1.37e-12	82.4
gi|218665024|ref|NC_011761.1|	NC_011206	97.917	48	0	1	2865038	2865084	2768375	2768422	1.37e-12	82.4
gi|218665024|ref|NC_011761.1|	NC_011206	97.917	48	0	1	2864425	2864472	2768988	2769034	1.37e-12	82.4
gi|218665024|ref|NC_011761.1|	NC_011206	96.000	50	1	1	1191146	1191195	2111506	2111458	4.94e-12	80.5
gi|218665024|ref|NC_011761.1|	NC_011206	95.833	48	1	1	2862384	2862431	2111506	2111460	6.39e-11	76.8
gi|218665024|ref|NC_011761.1|	NC_011206	95.833	48	1	1	2222916	2222962	2764326	2764279	6.39e-11	76.8
gi|218665024|ref|NC_011761.1|	NC_011206	95.556	45	2	0	792882	792926	615887	615931	8.27e-10	73.1
gi|218665024|ref|NC_011761.1|	NC_011206	95.556	45	2	0	437369	437413	967072	967116	8.27e-10	73.1
gi|218665024|ref|NC_011761.1|	NC_011206	90.385	52	4	1	1197062	1197113	2572258	2572308	3.85e-08	67.6
gi|218665024|ref|NC_011761.1|	NC_011206	100.000	35	0	0	1600489	1600523	1469422	1469456	1.38e-07	65.8
gi|218665024|ref|NC_011761.1|	NC_011206	100.000	35	0	0	1597082	1597116	1479449	1479483	1.38e-07	65.8
gi|218665024|ref|NC_011761.1|	NC_011206	86.207	58	7	1	1176671	1176728	2571384	2571440	1.79e-06	62.1
gi|218665024|ref|NC_011761.1|	NC_011206	86.207	58	7	1	1178486	1178543	2571384	2571440	1.79e-06	62.1
gi|218665024|ref|NC_011761.1|	NC_011206	100.000	32	0	0	758068	758099	308892	308923	6.44e-06	60.2
gi|218665024|ref|NC_011761.1|	NC_011206	100.000	32	0	0	761450	761481	312274	312305	6.44e-06	60.2
gi|218665024|ref|NC_011761.1|	NC_011206	100.000	32	0	0	761450	761481	619605	619574	6.44e-06	60.2
gi|218665024|ref|NC_011761.1|	NC_011206	100.000	32	0	0	758068	758099	622987	622956	6.44e-06	60.2
gi|218665024|ref|NC_011761.1|	NC_011206	100.000	32	0	0	2147395	2147426	2029576	2029545	6.44e-06	60.2
gi|218665024|ref|NC_011761.1|	NC_011206	100.000	32	0	0	761450	761481	2035436	2035467	6.44e-06	60.2
gi|218665024|ref|NC_011761.1|	NC_011206	100.000	31	0	0	2147395	2147425	308923	308893	2.32e-05	58.4
gi|218665024|ref|NC_011761.1|	NC_011206	100.000	31	0	0	2144014	2144044	312304	312274	2.32e-05	58.4
gi|218665024|ref|NC_011761.1|	NC_011206	100.000	31	0	0	2144014	2144044	619575	619605	2.32e-05	58.4
gi|218665024|ref|NC_011761.1|	NC_011206	100.000	31	0	0	2147395	2147425	622956	622986	2.32e-05	58.4
gi|218665024|ref|NC_011761.1|	NC_011206	100.000	31	0	0	2764897	2764927	1893466	1893496	2.32e-05	58.4
gi|218665024|ref|NC_011761.1|	NC_011206	100.000	31	0	0	758069	758099	2029546	2029576	2.32e-05	58.4
gi|218665024|ref|NC_011761.1|	NC_011206	100.000	31	0	0	2144014	2144044	2035466	2035436	2.32e-05	58.4
gi|218665024|ref|NC_011761.1|	NC_011206	100.000	31	0	0	2007934	2007964	2664736	2664766	2.32e-05	58.4
gi|218665024|ref|NC_011761.1|	NC_011206	100.000	30	0	0	2476461	2476490	168889	168918	8.33e-05	56.5
gi|218665024|ref|NC_011761.1|	NC_011206	100.000	29	0	0	1805147	1805175	1551984	1551956	3.00e-04	54.7
gi|218665024|ref|NC_011761.1|	NC_011206	100.000	29	0	0	1670849	1670877	1686282	1686254	3.00e-04	54.7
gi|218665024|ref|NC_011761.1|	NC_011206	100.000	29	0	0	2843716	2843744	2468593	2468565	3.00e-04	54.7
gi|218665024|ref|NC_011761.1|	NC_011206	100.000	29	0	0	2566741	2566769	2743583	2743555	3.00e-04	54.7
gi|218665024|ref|NC_011761.1|	NC_011206	100.000	28	0	0	48834	48861	50669	50642	0.001	52.8
gi|218665024|ref|NC_011761.1|	NC_011206	96.774	31	1	0	1488881	1488911	1352078	1352048	0.001	52.8
